=======CASO NUEVO==========
Set1:, ["0101", "0110", "0111", "1010", "1011", "1100", "1101", "1110", "1111"]
Set2:, ["0001", "0011", "0100", "0101", "0111", "1000", "1010", "1101", "1111"]
Set3:, ["0010", "0011", "1000"]
Set4:, ["0011", "1000", "1001"]
=======CASO NUEVO==========
Set1:, ["0101", "0110", "0111", "1010", "1011", "1100", "1101", "1110", "1111"]
Set2:, ["0001", "0011", "0100", "0101", "0111", "1000", "1010", "1101", "1111"]
Set3:, ["0010", "0011", "1000"]
Set4:, ["0010", "0011", "1001"]
=======CASO NUEVO==========
Set1:, ["0101", "0110", "0111", "1010", "1011", "1100", "1101", "1110", "1111"]
Set2:, ["0001", "0011", "0100", "0101", "0111", "1000", "1010", "1101", "1111"]
Set3:, ["0010", "0011", "1000"]
Set4:, ["0001", "0011", "1001"]
=======CASO NUEVO==========
Set1:, ["0101", "0110", "0111", "1010", "1011", "1100", "1101", "1110", "1111"]
Set2:, ["0001", "0011", "0100", "0101", "0111", "1000", "1010", "1101", "1111"]
Set3:, ["0010", "0011", "1000"]
Set4:, ["0011", "0100", "1001"]
=======CASO NUEVO==========
Set1:, ["0101", "0110", "0111", "1010", "1011", "1100", "1101", "1110", "1111"]
Set2:, ["0001", "0011", "0100", "0101", "0111", "1000", "1010", "1101", "1111"]
Set3:, ["0001", "0010", "1000"]
Set4:, ["0010", "0011", "1001"]
=======CASO NUEVO==========
Set1:, ["0101", "0110", "0111", "1010", "1011", "1100", "1101", "1110", "1111"]
Set2:, ["0001", "0011", "0100", "0101", "0111", "1000", "1010", "1101", "1111"]
Set3:, ["0001", "0010", "1000"]
Set4:, ["0011", "0100", "1000"]
=======CASO NUEVO==========
Set1:, ["0101", "0110", "0111", "1010", "1011", "1100", "1101", "1110", "1111"]
Set2:, ["0001", "0011", "0100", "0101", "0111", "1000", "1010", "1101", "1111"]
Set3:, ["0001", "0010", "1000"]
Set4:, ["0010", "0100", "1001"]
=======CASO NUEVO==========
Set1:, ["0101", "0110", "0111", "1010", "1011", "1100", "1101", "1110", "1111"]
Set2:, ["0001", "0011", "0100", "0101", "0111", "1000", "1010", "1101", "1111"]
Set3:, ["0001", "0010", "1000"]
Set4:, ["0010", "1000", "1001"]
=======CASO NUEVO==========
Set1:, ["0101", "0110", "0111", "1010", "1011", "1100", "1101", "1110", "1111"]
Set2:, ["0001", "0011", "0100", "0101", "0111", "1000", "1010", "1101", "1111"]
Set3:, ["0001", "0010", "1000"]
Set4:, ["0001", "0011", "1000"]
=======CASO NUEVO==========
Set1:, ["0101", "0110", "0111", "1010", "1011", "1100", "1101", "1110", "1111"]
Set2:, ["0001", "0011", "0100", "0101", "0111", "1000", "1010", "1101", "1111"]
Set3:, ["0001", "0010", "1000"]
Set4:, ["0001", "0010", "0011"]
=======CASO NUEVO==========
Set1:, ["0101", "0110", "0111", "1010", "1011", "1100", "1101", "1110", "1111"]
Set2:, ["0001", "0011", "0100", "0101", "0111", "1000", "1010", "1101", "1111"]
Set3:, ["0001", "0010", "1000"]
Set4:, ["0001", "1000", "1001"]
=======CASO NUEVO==========
Set1:, ["0101", "0110", "0111", "1010", "1011", "1100", "1101", "1110", "1111"]
Set2:, ["0001", "0011", "0100", "0101", "0111", "1000", "1010", "1101", "1111"]
Set3:, ["0001", "0010", "1000"]
Set4:, ["0001", "0100", "1001"]
=======CASO NUEVO==========
Set1:, ["0101", "0110", "0111", "1010", "1011", "1100", "1101", "1110", "1111"]
Set2:, ["0001", "0011", "0100", "0101", "0111", "1000", "1010", "1101", "1111"]
Set3:, ["0001", "0010", "1000"]
Set4:, ["0100", "1000", "1001"]
=======CASO NUEVO==========
Set1:, ["0101", "0110", "0111", "1010", "1011", "1100", "1101", "1110", "1111"]
Set2:, ["0001", "0011", "0100", "0101", "0111", "1000", "1010", "1101", "1111"]
Set3:, ["0001", "0010", "1000"]
Set4:, ["0001", "0010", "1001"]
=======CASO NUEVO==========
Set1:, ["0101", "0110", "0111", "1010", "1011", "1100", "1101", "1110", "1111"]
Set2:, ["0001", "0011", "0100", "0101", "0111", "1000", "1010", "1101", "1111"]
Set3:, ["0001", "0010", "1000"]
Set4:, ["0001", "0011", "1001"]
=======CASO NUEVO==========
Set1:, ["0101", "0110", "0111", "1010", "1011", "1100", "1101", "1110", "1111"]
Set2:, ["0001", "0011", "0100", "0101", "0111", "1000", "1010", "1101", "1111"]
Set3:, ["0001", "0010", "1000"]
Set4:, ["0011", "0100", "1001"]
=======CASO NUEVO==========
Set1:, ["0101", "0110", "0111", "1010", "1011", "1100", "1101", "1110", "1111"]
Set2:, ["0001", "0011", "0100", "0101", "0111", "1000", "1010", "1101", "1111"]
Set3:, ["0001", "0010", "1000"]
Set4:, ["0010", "0011", "0100"]
=======CASO NUEVO==========
Set1:, ["0101", "0110", "0111", "1010", "1011", "1100", "1101", "1110", "1111"]
Set2:, ["0001", "0011", "0100", "0101", "0111", "1000", "1010", "1101", "1111"]
Set3:, ["0001", "0010", "1000"]
Set4:, ["0000", "0011", "1001"]
=======CASO NUEVO==========
Set1:, ["0101", "0110", "0111", "1010", "1011", "1100", "1101", "1110", "1111"]
Set2:, ["0001", "0011", "0100", "0101", "0111", "1000", "1010", "1101", "1111"]
Set3:, ["0001", "0010", "1000"]
Set4:, ["0001", "0011", "0100"]
=======CASO NUEVO==========
Set1:, ["0101", "0110", "0111", "1010", "1011", "1100", "1101", "1110", "1111"]
Set2:, ["0001", "0011", "0100", "0101", "0111", "1000", "1010", "1101", "1111"]
Set3:, ["0000", "0001", "0010", "0011", "1001"]
Set4:, ["0001", "0010", "0011", "1000", "1001"]
=======CASO NUEVO==========
Set1:, ["0101", "0110", "0111", "1010", "1011", "1100", "1101", "1110", "1111"]
Set2:, ["0001", "0011", "0100", "0101", "0111", "1000", "1010", "1101", "1111"]
Set3:, ["0000", "0001", "0010", "0011", "1001"]
Set4:, ["0001", "0010", "0011", "0100", "1001"]
=======CASO NUEVO==========
Set1:, ["0101", "0110", "0111", "1010", "1011", "1100", "1101", "1110", "1111"]
Set2:, ["0001", "0011", "0100", "0101", "0111", "1000", "1010", "1101", "1111"]
Set3:, ["0000", "0001", "0010", "0011", "1001"]
Set4:, ["0010", "0011", "0100", "1000", "1001"]
=======CASO NUEVO==========
Set1:, ["0101", "0110", "0111", "1010", "1011", "1100", "1101", "1110", "1111"]
Set2:, ["0001", "0011", "0100", "0101", "0111", "1000", "1010", "1101", "1111"]
Set3:, ["0000", "0001", "0010", "0011", "1001"]
Set4:, ["0001", "0011", "0100", "1000", "1001"]
=======CASO NUEVO==========
Set1:, ["0101", "0110", "0111", "1010", "1011", "1100", "1101", "1110", "1111"]
Set2:, ["0001", "0011", "0100", "0101", "0111", "1000", "1010", "1101", "1111"]
Set3:, ["0000", "0001", "1001"]
Set4:, ["0010", "0011", "1001"]
=======CASO NUEVO==========
Set1:, ["0101", "0110", "0111", "1010", "1011", "1100", "1101", "1110", "1111"]
Set2:, ["0001", "0011", "0100", "0101", "0111", "1000", "1010", "1101", "1111"]
Set3:, ["0000", "0001", "1001"]
Set4:, ["0011", "0100", "1000"]
=======CASO NUEVO==========
Set1:, ["0101", "0110", "0111", "1010", "1011", "1100", "1101", "1110", "1111"]
Set2:, ["0001", "0011", "0100", "0101", "0111", "1000", "1010", "1101", "1111"]
Set3:, ["0000", "0001", "1001"]
Set4:, ["0010", "0100", "1001"]
=======CASO NUEVO==========
Set1:, ["0101", "0110", "0111", "1010", "1011", "1100", "1101", "1110", "1111"]
Set2:, ["0001", "0011", "0100", "0101", "0111", "1000", "1010", "1101", "1111"]
Set3:, ["0000", "0001", "1001"]
Set4:, ["0010", "1000", "1001"]
=======CASO NUEVO==========
Set1:, ["0101", "0110", "0111", "1010", "1011", "1100", "1101", "1110", "1111"]
Set2:, ["0001", "0011", "0100", "0101", "0111", "1000", "1010", "1101", "1111"]
Set3:, ["0000", "0001", "1001"]
Set4:, ["0001", "0011", "1000"]
=======CASO NUEVO==========
Set1:, ["0101", "0110", "0111", "1010", "1011", "1100", "1101", "1110", "1111"]
Set2:, ["0001", "0011", "0100", "0101", "0111", "1000", "1010", "1101", "1111"]
Set3:, ["0000", "0001", "1001"]
Set4:, ["0001", "0010", "0011"]
=======CASO NUEVO==========
Set1:, ["0101", "0110", "0111", "1010", "1011", "1100", "1101", "1110", "1111"]
Set2:, ["0001", "0011", "0100", "0101", "0111", "1000", "1010", "1101", "1111"]
Set3:, ["0000", "0001", "1001"]
Set4:, ["0001", "1000", "1001"]
=======CASO NUEVO==========
Set1:, ["0101", "0110", "0111", "1010", "1011", "1100", "1101", "1110", "1111"]
Set2:, ["0001", "0011", "0100", "0101", "0111", "1000", "1010", "1101", "1111"]
Set3:, ["0000", "0001", "1001"]
Set4:, ["0001", "0100", "1001"]
=======CASO NUEVO==========
Set1:, ["0101", "0110", "0111", "1010", "1011", "1100", "1101", "1110", "1111"]
Set2:, ["0001", "0011", "0100", "0101", "0111", "1000", "1010", "1101", "1111"]
Set3:, ["0000", "0001", "1001"]
Set4:, ["0100", "1000", "1001"]
=======CASO NUEVO==========
Set1:, ["0101", "0110", "0111", "1010", "1011", "1100", "1101", "1110", "1111"]
Set2:, ["0001", "0011", "0100", "0101", "0111", "1000", "1010", "1101", "1111"]
Set3:, ["0000", "0001", "1001"]
Set4:, ["0001", "0010", "1001"]
=======CASO NUEVO==========
Set1:, ["0101", "0110", "0111", "1010", "1011", "1100", "1101", "1110", "1111"]
Set2:, ["0001", "0011", "0100", "0101", "0111", "1000", "1010", "1101", "1111"]
Set3:, ["0000", "0001", "1001"]
Set4:, ["0001", "0011", "1001"]
=======CASO NUEVO==========
Set1:, ["0101", "0110", "0111", "1010", "1011", "1100", "1101", "1110", "1111"]
Set2:, ["0001", "0011", "0100", "0101", "0111", "1000", "1010", "1101", "1111"]
Set3:, ["0000", "0001", "1001"]
Set4:, ["0011", "0100", "1001"]
=======CASO NUEVO==========
Set1:, ["0101", "0110", "0111", "1010", "1011", "1100", "1101", "1110", "1111"]
Set2:, ["0001", "0011", "0100", "0101", "0111", "1000", "1010", "1101", "1111"]
Set3:, ["0000", "0001", "1001"]
Set4:, ["0010", "0011", "0100"]
=======CASO NUEVO==========
Set1:, ["0101", "0110", "0111", "1010", "1011", "1100", "1101", "1110", "1111"]
Set2:, ["0001", "0011", "0100", "0101", "0111", "1000", "1010", "1101", "1111"]
Set3:, ["0000", "0001", "1001"]
Set4:, ["0000", "0011", "1001"]
=======CASO NUEVO==========
Set1:, ["0101", "0110", "0111", "1010", "1011", "1100", "1101", "1110", "1111"]
Set2:, ["0001", "0011", "0100", "0101", "0111", "1000", "1010", "1101", "1111"]
Set3:, ["0000", "0001", "1001"]
Set4:, ["0001", "0011", "0100"]
=======CASO NUEVO==========
Set1:, ["0101", "0110", "0111", "1010", "1011", "1100", "1101", "1110", "1111"]
Set2:, ["0001", "0011", "0100", "0101", "0111", "1000", "1010", "1101", "1111"]
Set3:, ["0001", "0100", "1000"]
Set4:, ["0010", "0011", "1001"]
=======CASO NUEVO==========
Set1:, ["0101", "0110", "0111", "1010", "1011", "1100", "1101", "1110", "1111"]
Set2:, ["0001", "0011", "0100", "0101", "0111", "1000", "1010", "1101", "1111"]
Set3:, ["0001", "0100", "1000"]
Set4:, ["0011", "0100", "1000"]
=======CASO NUEVO==========
Set1:, ["0101", "0110", "0111", "1010", "1011", "1100", "1101", "1110", "1111"]
Set2:, ["0001", "0011", "0100", "0101", "0111", "1000", "1010", "1101", "1111"]
Set3:, ["0001", "0100", "1000"]
Set4:, ["0010", "0100", "1001"]
=======CASO NUEVO==========
Set1:, ["0101", "0110", "0111", "1010", "1011", "1100", "1101", "1110", "1111"]
Set2:, ["0001", "0011", "0100", "0101", "0111", "1000", "1010", "1101", "1111"]
Set3:, ["0001", "0100", "1000"]
Set4:, ["0010", "1000", "1001"]
=======CASO NUEVO==========
Set1:, ["0101", "0110", "0111", "1010", "1011", "1100", "1101", "1110", "1111"]
Set2:, ["0001", "0011", "0100", "0101", "0111", "1000", "1010", "1101", "1111"]
Set3:, ["0001", "0100", "1000"]
Set4:, ["0001", "0011", "1000"]
=======CASO NUEVO==========
Set1:, ["0101", "0110", "0111", "1010", "1011", "1100", "1101", "1110", "1111"]
Set2:, ["0001", "0011", "0100", "0101", "0111", "1000", "1010", "1101", "1111"]
Set3:, ["0001", "0100", "1000"]
Set4:, ["0001", "0010", "0011"]
=======CASO NUEVO==========
Set1:, ["0101", "0110", "0111", "1010", "1011", "1100", "1101", "1110", "1111"]
Set2:, ["0001", "0011", "0100", "0101", "0111", "1000", "1010", "1101", "1111"]
Set3:, ["0001", "0100", "1000"]
Set4:, ["0001", "1000", "1001"]
=======CASO NUEVO==========
Set1:, ["0101", "0110", "0111", "1010", "1011", "1100", "1101", "1110", "1111"]
Set2:, ["0001", "0011", "0100", "0101", "0111", "1000", "1010", "1101", "1111"]
Set3:, ["0001", "0100", "1000"]
Set4:, ["0001", "0100", "1001"]
=======CASO NUEVO==========
Set1:, ["0101", "0110", "0111", "1010", "1011", "1100", "1101", "1110", "1111"]
Set2:, ["0001", "0011", "0100", "0101", "0111", "1000", "1010", "1101", "1111"]
Set3:, ["0001", "0100", "1000"]
Set4:, ["0100", "1000", "1001"]
=======CASO NUEVO==========
Set1:, ["0101", "0110", "0111", "1010", "1011", "1100", "1101", "1110", "1111"]
Set2:, ["0001", "0011", "0100", "0101", "0111", "1000", "1010", "1101", "1111"]
Set3:, ["0001", "0100", "1000"]
Set4:, ["0001", "0010", "1001"]
=======CASO NUEVO==========
Set1:, ["0101", "0110", "0111", "1010", "1011", "1100", "1101", "1110", "1111"]
Set2:, ["0001", "0011", "0100", "0101", "0111", "1000", "1010", "1101", "1111"]
Set3:, ["0001", "0100", "1000"]
Set4:, ["0001", "0011", "1001"]
=======CASO NUEVO==========
Set1:, ["0101", "0110", "0111", "1010", "1011", "1100", "1101", "1110", "1111"]
Set2:, ["0001", "0011", "0100", "0101", "0111", "1000", "1010", "1101", "1111"]
Set3:, ["0001", "0100", "1000"]
Set4:, ["0011", "0100", "1001"]
=======CASO NUEVO==========
Set1:, ["0101", "0110", "0111", "1010", "1011", "1100", "1101", "1110", "1111"]
Set2:, ["0001", "0011", "0100", "0101", "0111", "1000", "1010", "1101", "1111"]
Set3:, ["0001", "0100", "1000"]
Set4:, ["0010", "0011", "0100"]
=======CASO NUEVO==========
Set1:, ["0101", "0110", "0111", "1010", "1011", "1100", "1101", "1110", "1111"]
Set2:, ["0001", "0011", "0100", "0101", "0111", "1000", "1010", "1101", "1111"]
Set3:, ["0001", "0100", "1000"]
Set4:, ["0000", "0011", "1001"]
=======CASO NUEVO==========
Set1:, ["0101", "0110", "0111", "1010", "1011", "1100", "1101", "1110", "1111"]
Set2:, ["0001", "0011", "0100", "0101", "0111", "1000", "1010", "1101", "1111"]
Set3:, ["0001", "0100", "1000"]
Set4:, ["0001", "0011", "0100"]
=======CASO NUEVO==========
Set1:, ["0101", "0110", "0111", "1010", "1011", "1100", "1101", "1110", "1111"]
Set2:, ["0001", "0011", "0100", "0101", "0111", "1000", "1010", "1101", "1111"]
Set3:, ["0000", "0001", "0010", "1000"]
Set4:, ["0000", "0010", "0100", "1001"]
=======CASO NUEVO==========
Set1:, ["0101", "0110", "0111", "1010", "1011", "1100", "1101", "1110", "1111"]
Set2:, ["0001", "0011", "0100", "0101", "0111", "1000", "1010", "1101", "1111"]
Set3:, ["0000", "0001", "0010", "1000"]
Set4:, ["0010", "0100", "1000", "1001"]
=======CASO NUEVO==========
Set1:, ["0101", "0110", "0111", "1010", "1011", "1100", "1101", "1110", "1111"]
Set2:, ["0001", "0011", "0100", "0101", "0111", "1000", "1010", "1101", "1111"]
Set3:, ["0000", "0001", "0010", "1000"]
Set4:, ["0000", "0001", "0011", "1001"]
=======CASO NUEVO==========
Set1:, ["0101", "0110", "0111", "1010", "1011", "1100", "1101", "1110", "1111"]
Set2:, ["0001", "0011", "0100", "0101", "0111", "1000", "1010", "1101", "1111"]
Set3:, ["0000", "0001", "0010", "1000"]
Set4:, ["0000", "0011", "0100", "1000"]
=======CASO NUEVO==========
Set1:, ["0101", "0110", "0111", "1010", "1011", "1100", "1101", "1110", "1111"]
Set2:, ["0001", "0011", "0100", "0101", "0111", "1000", "1010", "1101", "1111"]
Set3:, ["0000", "0001", "0010", "1000"]
Set4:, ["0001", "0010", "0011", "1000"]
=======CASO NUEVO==========
Set1:, ["0101", "0110", "0111", "1010", "1011", "1100", "1101", "1110", "1111"]
Set2:, ["0001", "0011", "0100", "0101", "0111", "1000", "1010", "1101", "1111"]
Set3:, ["0000", "0001", "0010", "1000"]
Set4:, ["0000", "0011", "0100", "1001"]
=======CASO NUEVO==========
Set1:, ["0101", "0110", "0111", "1010", "1011", "1100", "1101", "1110", "1111"]
Set2:, ["0001", "0011", "0100", "0101", "0111", "1000", "1010", "1101", "1111"]
Set3:, ["0000", "0001", "0010", "1000"]
Set4:, ["0010", "0011", "0100", "1001"]
=======CASO NUEVO==========
Set1:, ["0101", "0110", "0111", "1010", "1011", "1100", "1101", "1110", "1111"]
Set2:, ["0001", "0011", "0100", "0101", "0111", "1000", "1010", "1101", "1111"]
Set3:, ["0000", "0001", "0010", "1000"]
Set4:, ["0001", "0011", "0100", "1000"]
=======CASO NUEVO==========
Set1:, ["0101", "0110", "0111", "1010", "1011", "1100", "1101", "1110", "1111"]
Set2:, ["0001", "0011", "0100", "0101", "0111", "1000", "1010", "1101", "1111"]
Set3:, ["0000", "0001", "0010", "1000"]
Set4:, ["0000", "0011", "1000", "1001"]
=======CASO NUEVO==========
Set1:, ["0101", "0110", "0111", "1010", "1011", "1100", "1101", "1110", "1111"]
Set2:, ["0001", "0011", "0100", "0101", "0111", "1000", "1010", "1101", "1111"]
Set3:, ["0000", "0001", "0010", "1000"]
Set4:, ["0001", "0010", "0100", "1000"]
=======CASO NUEVO==========
Set1:, ["0101", "0110", "0111", "1010", "1011", "1100", "1101", "1110", "1111"]
Set2:, ["0001", "0011", "0100", "0101", "0111", "1000", "1010", "1101", "1111"]
Set3:, ["0000", "0001", "0010", "1000"]
Set4:, ["0010", "0011", "0100", "1000"]
=======CASO NUEVO==========
Set1:, ["0101", "0110", "0111", "1010", "1011", "1100", "1101", "1110", "1111"]
Set2:, ["0001", "0011", "0100", "0101", "0111", "1000", "1010", "1101", "1111"]
Set3:, ["0000", "0001", "0010", "1000"]
Set4:, ["0011", "0100", "1000", "1001"]
=======CASO NUEVO==========
Set1:, ["0101", "0110", "0111", "1010", "1011", "1100", "1101", "1110", "1111"]
Set2:, ["0001", "0011", "0100", "0101", "0111", "1000", "1010", "1101", "1111"]
Set3:, ["0000", "0001", "0010", "1000"]
Set4:, ["0000", "0010", "0011", "0100"]
=======CASO NUEVO==========
Set1:, ["0101", "0110", "0111", "1010", "1011", "1100", "1101", "1110", "1111"]
Set2:, ["0001", "0011", "0100", "0101", "0111", "1000", "1010", "1101", "1111"]
Set3:, ["0000", "0001", "0010", "1000"]
Set4:, ["0001", "0100", "1000", "1001"]
=======CASO NUEVO==========
Set1:, ["0101", "0110", "0111", "1010", "1011", "1100", "1101", "1110", "1111"]
Set2:, ["0001", "0011", "0100", "0101", "0111", "1000", "1010", "1101", "1111"]
Set3:, ["0000", "0001", "0010", "1000"]
Set4:, ["0010", "0011", "1000", "1001"]
=======CASO NUEVO==========
Set1:, ["0101", "0110", "0111", "1010", "1011", "1100", "1101", "1110", "1111"]
Set2:, ["0001", "0011", "0100", "0101", "0111", "1000", "1010", "1101", "1111"]
Set3:, ["0000", "0001", "0010", "1000"]
Set4:, ["0000", "0010", "1000", "1001"]
=======CASO NUEVO==========
Set1:, ["0101", "0110", "0111", "1010", "1011", "1100", "1101", "1110", "1111"]
Set2:, ["0001", "0011", "0100", "0101", "0111", "1000", "1010", "1101", "1111"]
Set3:, ["0000", "0001", "0010", "1000"]
Set4:, ["0000", "0010", "0011", "1000"]
=======CASO NUEVO==========
Set1:, ["0101", "0110", "0111", "1010", "1011", "1100", "1101", "1110", "1111"]
Set2:, ["0001", "0011", "0100", "0101", "0111", "1000", "1010", "1101", "1111"]
Set3:, ["0000", "0001", "0010", "1000"]
Set4:, ["0001", "0011", "1000", "1001"]
=======CASO NUEVO==========
Set1:, ["0101", "0110", "0111", "1010", "1011", "1100", "1101", "1110", "1111"]
Set2:, ["0001", "0011", "0100", "0101", "0111", "1000", "1010", "1101", "1111"]
Set3:, ["0000", "0001", "0010", "1000"]
Set4:, ["0000", "0001", "0010", "0011"]
=======CASO NUEVO==========
Set1:, ["0101", "0110", "0111", "1010", "1011", "1100", "1101", "1110", "1111"]
Set2:, ["0001", "0011", "0100", "0101", "0111", "1000", "1010", "1101", "1111"]
Set3:, ["0000", "0001", "0010", "1000"]
Set4:, ["0000", "0001", "0010", "1001"]
=======CASO NUEVO==========
Set1:, ["0101", "0110", "0111", "1010", "1011", "1100", "1101", "1110", "1111"]
Set2:, ["0001", "0011", "0100", "0101", "0111", "1000", "1010", "1101", "1111"]
Set3:, ["0000", "0001", "0010", "1000"]
Set4:, ["0000", "0001", "1000", "1001"]
=======CASO NUEVO==========
Set1:, ["0101", "0110", "0111", "1010", "1011", "1100", "1101", "1110", "1111"]
Set2:, ["0001", "0011", "0100", "0101", "0111", "1000", "1010", "1101", "1111"]
Set3:, ["0000", "0001", "0010", "1000"]
Set4:, ["0000", "0001", "0011", "0100"]
=======CASO NUEVO==========
Set1:, ["0101", "0110", "0111", "1010", "1011", "1100", "1101", "1110", "1111"]
Set2:, ["0001", "0011", "0100", "0101", "0111", "1000", "1010", "1101", "1111"]
Set3:, ["0000", "0001", "0010", "1000"]
Set4:, ["0001", "0010", "1000", "1001"]
=======CASO NUEVO==========
Set1:, ["0101", "0110", "0111", "1010", "1011", "1100", "1101", "1110", "1111"]
Set2:, ["0001", "0011", "0100", "0101", "0111", "1000", "1010", "1101", "1111"]
Set3:, ["0000", "0001", "0010", "1000"]
Set4:, ["0001", "0010", "0011", "0100"]
=======CASO NUEVO==========
Set1:, ["0101", "0110", "0111", "1010", "1011", "1100", "1101", "1110", "1111"]
Set2:, ["0001", "0011", "0100", "0101", "0111", "1000", "1010", "1101", "1111"]
Set3:, ["0000", "0001", "0010", "1000"]
Set4:, ["0001", "0011", "0100", "1001"]
=======CASO NUEVO==========
Set1:, ["0101", "0110", "0111", "1010", "1011", "1100", "1101", "1110", "1111"]
Set2:, ["0001", "0011", "0100", "0101", "0111", "1000", "1010", "1101", "1111"]
Set3:, ["0000", "0001", "0010", "1000"]
Set4:, ["0000", "0001", "0100", "1001"]
=======CASO NUEVO==========
Set1:, ["0101", "0110", "0111", "1010", "1011", "1100", "1101", "1110", "1111"]
Set2:, ["0001", "0011", "0100", "0101", "0111", "1000", "1010", "1101", "1111"]
Set3:, ["0000", "0001", "0010", "1000"]
Set4:, ["0000", "0001", "0011", "1000"]
=======CASO NUEVO==========
Set1:, ["0101", "0110", "0111", "1010", "1011", "1100", "1101", "1110", "1111"]
Set2:, ["0001", "0011", "0100", "0101", "0111", "1000", "1010", "1101", "1111"]
Set3:, ["0000", "0001", "0010", "1000"]
Set4:, ["0000", "0100", "1000", "1001"]
=======CASO NUEVO==========
Set1:, ["0101", "0110", "0111", "1010", "1011", "1100", "1101", "1110", "1111"]
Set2:, ["0001", "0011", "0100", "0101", "0111", "1000", "1010", "1101", "1111"]
Set3:, ["0000", "0001", "0010", "1000"]
Set4:, ["0001", "0010", "0100", "1001"]
=======CASO NUEVO==========
Set1:, ["0101", "0110", "0111", "1010", "1011", "1100", "1101", "1110", "1111"]
Set2:, ["0001", "0011", "0100", "0101", "0111", "1000", "1010", "1101", "1111"]
Set3:, ["0000", "0001", "0010", "1000"]
Set4:, ["0000", "0010", "0011", "1001"]
=======CASO NUEVO==========
Set1:, ["0101", "0110", "0111", "1010", "1011", "1100", "1101", "1110", "1111"]
Set2:, ["0001", "0011", "0100", "0101", "0111", "1000", "1010", "1101", "1111"]
Set3:, ["0001", "0011"]
Set4:, ["0011", "1001"]
=======CASO NUEVO==========
Set1:, ["0101", "0110", "0111", "1010", "1011", "1100", "1101", "1110", "1111"]
Set2:, ["0001", "0011", "0100", "0101", "0111", "1000", "1010", "1101", "1111"]
Set3:, ["0000", "0001", "1000"]
Set4:, ["0010", "0011", "1001"]
=======CASO NUEVO==========
Set1:, ["0101", "0110", "0111", "1010", "1011", "1100", "1101", "1110", "1111"]
Set2:, ["0001", "0011", "0100", "0101", "0111", "1000", "1010", "1101", "1111"]
Set3:, ["0000", "0001", "1000"]
Set4:, ["0011", "0100", "1000"]
=======CASO NUEVO==========
Set1:, ["0101", "0110", "0111", "1010", "1011", "1100", "1101", "1110", "1111"]
Set2:, ["0001", "0011", "0100", "0101", "0111", "1000", "1010", "1101", "1111"]
Set3:, ["0000", "0001", "1000"]
Set4:, ["0000", "1000", "1001"]
=======CASO NUEVO==========
Set1:, ["0101", "0110", "0111", "1010", "1011", "1100", "1101", "1110", "1111"]
Set2:, ["0001", "0011", "0100", "0101", "0111", "1000", "1010", "1101", "1111"]
Set3:, ["0000", "0001", "1000"]
Set4:, ["0010", "0100", "1001"]
=======CASO NUEVO==========
Set1:, ["0101", "0110", "0111", "1010", "1011", "1100", "1101", "1110", "1111"]
Set2:, ["0001", "0011", "0100", "0101", "0111", "1000", "1010", "1101", "1111"]
Set3:, ["0000", "0001", "1000"]
Set4:, ["0000", "0010", "1001"]
=======CASO NUEVO==========
Set1:, ["0101", "0110", "0111", "1010", "1011", "1100", "1101", "1110", "1111"]
Set2:, ["0001", "0011", "0100", "0101", "0111", "1000", "1010", "1101", "1111"]
Set3:, ["0000", "0001", "1000"]
Set4:, ["0010", "1000", "1001"]
=======CASO NUEVO==========
Set1:, ["0101", "0110", "0111", "1010", "1011", "1100", "1101", "1110", "1111"]
Set2:, ["0001", "0011", "0100", "0101", "0111", "1000", "1010", "1101", "1111"]
Set3:, ["0000", "0001", "1000"]
Set4:, ["0001", "0011", "1000"]
=======CASO NUEVO==========
Set1:, ["0101", "0110", "0111", "1010", "1011", "1100", "1101", "1110", "1111"]
Set2:, ["0001", "0011", "0100", "0101", "0111", "1000", "1010", "1101", "1111"]
Set3:, ["0000", "0001", "1000"]
Set4:, ["0001", "0010", "0011"]
=======CASO NUEVO==========
Set1:, ["0101", "0110", "0111", "1010", "1011", "1100", "1101", "1110", "1111"]
Set2:, ["0001", "0011", "0100", "0101", "0111", "1000", "1010", "1101", "1111"]
Set3:, ["0000", "0001", "1000"]
Set4:, ["0001", "1000", "1001"]
=======CASO NUEVO==========
Set1:, ["0101", "0110", "0111", "1010", "1011", "1100", "1101", "1110", "1111"]
Set2:, ["0001", "0011", "0100", "0101", "0111", "1000", "1010", "1101", "1111"]
Set3:, ["0000", "0001", "1000"]
Set4:, ["0000", "0010", "0011"]
=======CASO NUEVO==========
Set1:, ["0101", "0110", "0111", "1010", "1011", "1100", "1101", "1110", "1111"]
Set2:, ["0001", "0011", "0100", "0101", "0111", "1000", "1010", "1101", "1111"]
Set3:, ["0000", "0001", "1000"]
Set4:, ["0000", "0011", "1000"]
=======CASO NUEVO==========
Set1:, ["0101", "0110", "0111", "1010", "1011", "1100", "1101", "1110", "1111"]
Set2:, ["0001", "0011", "0100", "0101", "0111", "1000", "1010", "1101", "1111"]
Set3:, ["0000", "0001", "1000"]
Set4:, ["0001", "0100", "1001"]
=======CASO NUEVO==========
Set1:, ["0101", "0110", "0111", "1010", "1011", "1100", "1101", "1110", "1111"]
Set2:, ["0001", "0011", "0100", "0101", "0111", "1000", "1010", "1101", "1111"]
Set3:, ["0000", "0001", "1000"]
Set4:, ["0100", "1000", "1001"]
=======CASO NUEVO==========
Set1:, ["0101", "0110", "0111", "1010", "1011", "1100", "1101", "1110", "1111"]
Set2:, ["0001", "0011", "0100", "0101", "0111", "1000", "1010", "1101", "1111"]
Set3:, ["0000", "0001", "1000"]
Set4:, ["0001", "0010", "1001"]
=======CASO NUEVO==========
Set1:, ["0101", "0110", "0111", "1010", "1011", "1100", "1101", "1110", "1111"]
Set2:, ["0001", "0011", "0100", "0101", "0111", "1000", "1010", "1101", "1111"]
Set3:, ["0000", "0001", "1000"]
Set4:, ["0000", "0001", "0011"]
=======CASO NUEVO==========
Set1:, ["0101", "0110", "0111", "1010", "1011", "1100", "1101", "1110", "1111"]
Set2:, ["0001", "0011", "0100", "0101", "0111", "1000", "1010", "1101", "1111"]
Set3:, ["0000", "0001", "1000"]
Set4:, ["0010", "0100", "1000"]
=======CASO NUEVO==========
Set1:, ["0101", "0110", "0111", "1010", "1011", "1100", "1101", "1110", "1111"]
Set2:, ["0001", "0011", "0100", "0101", "0111", "1000", "1010", "1101", "1111"]
Set3:, ["0000", "0001", "1000"]
Set4:, ["0001", "0011", "1001"]
=======CASO NUEVO==========
Set1:, ["0101", "0110", "0111", "1010", "1011", "1100", "1101", "1110", "1111"]
Set2:, ["0001", "0011", "0100", "0101", "0111", "1000", "1010", "1101", "1111"]
Set3:, ["0000", "0001", "1000"]
Set4:, ["0000", "0011", "0100"]
=======CASO NUEVO==========
Set1:, ["0101", "0110", "0111", "1010", "1011", "1100", "1101", "1110", "1111"]
Set2:, ["0001", "0011", "0100", "0101", "0111", "1000", "1010", "1101", "1111"]
Set3:, ["0000", "0001", "1000"]
Set4:, ["0011", "0100", "1001"]
=======CASO NUEVO==========
Set1:, ["0101", "0110", "0111", "1010", "1011", "1100", "1101", "1110", "1111"]
Set2:, ["0001", "0011", "0100", "0101", "0111", "1000", "1010", "1101", "1111"]
Set3:, ["0000", "0001", "1000"]
Set4:, ["0010", "0011", "0100"]
=======CASO NUEVO==========
Set1:, ["0101", "0110", "0111", "1010", "1011", "1100", "1101", "1110", "1111"]
Set2:, ["0001", "0011", "0100", "0101", "0111", "1000", "1010", "1101", "1111"]
Set3:, ["0000", "0001", "1000"]
Set4:, ["0000", "0100", "1001"]
=======CASO NUEVO==========
Set1:, ["0101", "0110", "0111", "1010", "1011", "1100", "1101", "1110", "1111"]
Set2:, ["0001", "0011", "0100", "0101", "0111", "1000", "1010", "1101", "1111"]
Set3:, ["0000", "0001", "1000"]
Set4:, ["0000", "0011", "1001"]
=======CASO NUEVO==========
Set1:, ["0101", "0110", "0111", "1010", "1011", "1100", "1101", "1110", "1111"]
Set2:, ["0001", "0011", "0100", "0101", "0111", "1000", "1010", "1101", "1111"]
Set3:, ["0000", "0001", "1000"]
Set4:, ["0001", "0010", "0100"]
=======CASO NUEVO==========
Set1:, ["0101", "0110", "0111", "1010", "1011", "1100", "1101", "1110", "1111"]
Set2:, ["0001", "0011", "0100", "0101", "0111", "1000", "1010", "1101", "1111"]
Set3:, ["0000", "0001", "1000"]
Set4:, ["0001", "0011", "0100"]
=======CASO NUEVO==========
Set1:, ["0101", "0110", "0111", "1010", "1011", "1100", "1101", "1110", "1111"]
Set2:, ["0001", "0011", "0100", "0101", "0111", "1000", "1010", "1101", "1111"]
Set3:, ["0000", "0010", "0011", "0100", "1001"]
Set4:, ["0001", "0010", "0011", "0100", "1001"]
=======CASO NUEVO==========
Set1:, ["0101", "0110", "0111", "1010", "1011", "1100", "1101", "1110", "1111"]
Set2:, ["0001", "0011", "0100", "0101", "0111", "1000", "1010", "1101", "1111"]
Set3:, ["0000", "0010", "0011", "0100", "1001"]
Set4:, ["0010", "0011", "0100", "1000", "1001"]
=======CASO NUEVO==========
Set1:, ["0101", "0110", "0111", "1010", "1011", "1100", "1101", "1110", "1111"]
Set2:, ["0001", "0011", "0100", "0101", "0111", "1000", "1010", "1101", "1111"]
Set3:, ["0000", "0010", "0011", "0100", "1001"]
Set4:, ["0001", "0011", "0100", "1000", "1001"]
=======CASO NUEVO==========
Set1:, ["0101", "0110", "0111", "1010", "1011", "1100", "1101", "1110", "1111"]
Set2:, ["0001", "0011", "0100", "0101", "0111", "1000", "1010", "1101", "1111"]
Set3:, ["0000", "0001", "0011", "1000", "1001"]
Set4:, ["0001", "0010", "0011", "0100", "1001"]
=======CASO NUEVO==========
Set1:, ["0101", "0110", "0111", "1010", "1011", "1100", "1101", "1110", "1111"]
Set2:, ["0001", "0011", "0100", "0101", "0111", "1000", "1010", "1101", "1111"]
Set3:, ["0000", "0001", "0011", "1000", "1001"]
Set4:, ["0010", "0011", "0100", "1000", "1001"]
=======CASO NUEVO==========
Set1:, ["0101", "0110", "0111", "1010", "1011", "1100", "1101", "1110", "1111"]
Set2:, ["0001", "0011", "0100", "0101", "0111", "1000", "1010", "1101", "1111"]
Set3:, ["0000", "0001", "0011", "1000", "1001"]
Set4:, ["0001", "0011", "0100", "1000", "1001"]
=======CASO NUEVO==========
Set1:, ["0101", "0110", "0111", "1010", "1011", "1100", "1101", "1110", "1111"]
Set2:, ["0001", "0011", "0100", "0101", "0111", "1000", "1010", "1101", "1111"]
Set3:, ["0000", "0010", "0100", "1000"]
Set4:, ["0000", "0010", "0100", "1001"]
=======CASO NUEVO==========
Set1:, ["0101", "0110", "0111", "1010", "1011", "1100", "1101", "1110", "1111"]
Set2:, ["0001", "0011", "0100", "0101", "0111", "1000", "1010", "1101", "1111"]
Set3:, ["0000", "0010", "0100", "1000"]
Set4:, ["0010", "0100", "1000", "1001"]
=======CASO NUEVO==========
Set1:, ["0101", "0110", "0111", "1010", "1011", "1100", "1101", "1110", "1111"]
Set2:, ["0001", "0011", "0100", "0101", "0111", "1000", "1010", "1101", "1111"]
Set3:, ["0000", "0010", "0100", "1000"]
Set4:, ["0000", "0001", "0011", "1001"]
=======CASO NUEVO==========
Set1:, ["0101", "0110", "0111", "1010", "1011", "1100", "1101", "1110", "1111"]
Set2:, ["0001", "0011", "0100", "0101", "0111", "1000", "1010", "1101", "1111"]
Set3:, ["0000", "0010", "0100", "1000"]
Set4:, ["0000", "0011", "0100", "1000"]
=======CASO NUEVO==========
Set1:, ["0101", "0110", "0111", "1010", "1011", "1100", "1101", "1110", "1111"]
Set2:, ["0001", "0011", "0100", "0101", "0111", "1000", "1010", "1101", "1111"]
Set3:, ["0000", "0010", "0100", "1000"]
Set4:, ["0001", "0010", "0011", "1000"]
=======CASO NUEVO==========
Set1:, ["0101", "0110", "0111", "1010", "1011", "1100", "1101", "1110", "1111"]
Set2:, ["0001", "0011", "0100", "0101", "0111", "1000", "1010", "1101", "1111"]
Set3:, ["0000", "0010", "0100", "1000"]
Set4:, ["0000", "0011", "0100", "1001"]
=======CASO NUEVO==========
Set1:, ["0101", "0110", "0111", "1010", "1011", "1100", "1101", "1110", "1111"]
Set2:, ["0001", "0011", "0100", "0101", "0111", "1000", "1010", "1101", "1111"]
Set3:, ["0000", "0010", "0100", "1000"]
Set4:, ["0010", "0011", "0100", "1001"]
=======CASO NUEVO==========
Set1:, ["0101", "0110", "0111", "1010", "1011", "1100", "1101", "1110", "1111"]
Set2:, ["0001", "0011", "0100", "0101", "0111", "1000", "1010", "1101", "1111"]
Set3:, ["0000", "0010", "0100", "1000"]
Set4:, ["0001", "0011", "0100", "1000"]
=======CASO NUEVO==========
Set1:, ["0101", "0110", "0111", "1010", "1011", "1100", "1101", "1110", "1111"]
Set2:, ["0001", "0011", "0100", "0101", "0111", "1000", "1010", "1101", "1111"]
Set3:, ["0000", "0010", "0100", "1000"]
Set4:, ["0000", "0011", "1000", "1001"]
=======CASO NUEVO==========
Set1:, ["0101", "0110", "0111", "1010", "1011", "1100", "1101", "1110", "1111"]
Set2:, ["0001", "0011", "0100", "0101", "0111", "1000", "1010", "1101", "1111"]
Set3:, ["0000", "0010", "0100", "1000"]
Set4:, ["0001", "0010", "0100", "1000"]
=======CASO NUEVO==========
Set1:, ["0101", "0110", "0111", "1010", "1011", "1100", "1101", "1110", "1111"]
Set2:, ["0001", "0011", "0100", "0101", "0111", "1000", "1010", "1101", "1111"]
Set3:, ["0000", "0010", "0100", "1000"]
Set4:, ["0010", "0011", "0100", "1000"]
=======CASO NUEVO==========
Set1:, ["0101", "0110", "0111", "1010", "1011", "1100", "1101", "1110", "1111"]
Set2:, ["0001", "0011", "0100", "0101", "0111", "1000", "1010", "1101", "1111"]
Set3:, ["0000", "0010", "0100", "1000"]
Set4:, ["0011", "0100", "1000", "1001"]
=======CASO NUEVO==========
Set1:, ["0101", "0110", "0111", "1010", "1011", "1100", "1101", "1110", "1111"]
Set2:, ["0001", "0011", "0100", "0101", "0111", "1000", "1010", "1101", "1111"]
Set3:, ["0000", "0010", "0100", "1000"]
Set4:, ["0000", "0010", "0011", "0100"]
=======CASO NUEVO==========
Set1:, ["0101", "0110", "0111", "1010", "1011", "1100", "1101", "1110", "1111"]
Set2:, ["0001", "0011", "0100", "0101", "0111", "1000", "1010", "1101", "1111"]
Set3:, ["0000", "0010", "0100", "1000"]
Set4:, ["0001", "0100", "1000", "1001"]
=======CASO NUEVO==========
Set1:, ["0101", "0110", "0111", "1010", "1011", "1100", "1101", "1110", "1111"]
Set2:, ["0001", "0011", "0100", "0101", "0111", "1000", "1010", "1101", "1111"]
Set3:, ["0000", "0010", "0100", "1000"]
Set4:, ["0010", "0011", "1000", "1001"]
=======CASO NUEVO==========
Set1:, ["0101", "0110", "0111", "1010", "1011", "1100", "1101", "1110", "1111"]
Set2:, ["0001", "0011", "0100", "0101", "0111", "1000", "1010", "1101", "1111"]
Set3:, ["0000", "0010", "0100", "1000"]
Set4:, ["0000", "0010", "1000", "1001"]
=======CASO NUEVO==========
Set1:, ["0101", "0110", "0111", "1010", "1011", "1100", "1101", "1110", "1111"]
Set2:, ["0001", "0011", "0100", "0101", "0111", "1000", "1010", "1101", "1111"]
Set3:, ["0000", "0010", "0100", "1000"]
Set4:, ["0000", "0010", "0011", "1000"]
=======CASO NUEVO==========
Set1:, ["0101", "0110", "0111", "1010", "1011", "1100", "1101", "1110", "1111"]
Set2:, ["0001", "0011", "0100", "0101", "0111", "1000", "1010", "1101", "1111"]
Set3:, ["0000", "0010", "0100", "1000"]
Set4:, ["0001", "0011", "1000", "1001"]
=======CASO NUEVO==========
Set1:, ["0101", "0110", "0111", "1010", "1011", "1100", "1101", "1110", "1111"]
Set2:, ["0001", "0011", "0100", "0101", "0111", "1000", "1010", "1101", "1111"]
Set3:, ["0000", "0010", "0100", "1000"]
Set4:, ["0000", "0001", "0010", "0011"]
=======CASO NUEVO==========
Set1:, ["0101", "0110", "0111", "1010", "1011", "1100", "1101", "1110", "1111"]
Set2:, ["0001", "0011", "0100", "0101", "0111", "1000", "1010", "1101", "1111"]
Set3:, ["0000", "0010", "0100", "1000"]
Set4:, ["0000", "0001", "0010", "1001"]
=======CASO NUEVO==========
Set1:, ["0101", "0110", "0111", "1010", "1011", "1100", "1101", "1110", "1111"]
Set2:, ["0001", "0011", "0100", "0101", "0111", "1000", "1010", "1101", "1111"]
Set3:, ["0000", "0010", "0100", "1000"]
Set4:, ["0000", "0001", "1000", "1001"]
=======CASO NUEVO==========
Set1:, ["0101", "0110", "0111", "1010", "1011", "1100", "1101", "1110", "1111"]
Set2:, ["0001", "0011", "0100", "0101", "0111", "1000", "1010", "1101", "1111"]
Set3:, ["0000", "0010", "0100", "1000"]
Set4:, ["0000", "0001", "0011", "0100"]
=======CASO NUEVO==========
Set1:, ["0101", "0110", "0111", "1010", "1011", "1100", "1101", "1110", "1111"]
Set2:, ["0001", "0011", "0100", "0101", "0111", "1000", "1010", "1101", "1111"]
Set3:, ["0000", "0010", "0100", "1000"]
Set4:, ["0001", "0010", "1000", "1001"]
=======CASO NUEVO==========
Set1:, ["0101", "0110", "0111", "1010", "1011", "1100", "1101", "1110", "1111"]
Set2:, ["0001", "0011", "0100", "0101", "0111", "1000", "1010", "1101", "1111"]
Set3:, ["0000", "0010", "0100", "1000"]
Set4:, ["0001", "0010", "0011", "0100"]
=======CASO NUEVO==========
Set1:, ["0101", "0110", "0111", "1010", "1011", "1100", "1101", "1110", "1111"]
Set2:, ["0001", "0011", "0100", "0101", "0111", "1000", "1010", "1101", "1111"]
Set3:, ["0000", "0010", "0100", "1000"]
Set4:, ["0001", "0011", "0100", "1001"]
=======CASO NUEVO==========
Set1:, ["0101", "0110", "0111", "1010", "1011", "1100", "1101", "1110", "1111"]
Set2:, ["0001", "0011", "0100", "0101", "0111", "1000", "1010", "1101", "1111"]
Set3:, ["0000", "0010", "0100", "1000"]
Set4:, ["0000", "0001", "0100", "1001"]
=======CASO NUEVO==========
Set1:, ["0101", "0110", "0111", "1010", "1011", "1100", "1101", "1110", "1111"]
Set2:, ["0001", "0011", "0100", "0101", "0111", "1000", "1010", "1101", "1111"]
Set3:, ["0000", "0010", "0100", "1000"]
Set4:, ["0000", "0001", "0011", "1000"]
=======CASO NUEVO==========
Set1:, ["0101", "0110", "0111", "1010", "1011", "1100", "1101", "1110", "1111"]
Set2:, ["0001", "0011", "0100", "0101", "0111", "1000", "1010", "1101", "1111"]
Set3:, ["0000", "0010", "0100", "1000"]
Set4:, ["0000", "0100", "1000", "1001"]
=======CASO NUEVO==========
Set1:, ["0101", "0110", "0111", "1010", "1011", "1100", "1101", "1110", "1111"]
Set2:, ["0001", "0011", "0100", "0101", "0111", "1000", "1010", "1101", "1111"]
Set3:, ["0000", "0010", "0100", "1000"]
Set4:, ["0001", "0010", "0100", "1001"]
=======CASO NUEVO==========
Set1:, ["0101", "0110", "0111", "1010", "1011", "1100", "1101", "1110", "1111"]
Set2:, ["0001", "0011", "0100", "0101", "0111", "1000", "1010", "1101", "1111"]
Set3:, ["0000", "0010", "0100", "1000"]
Set4:, ["0000", "0010", "0011", "1001"]
=======CASO NUEVO==========
Set1:, ["0101", "0110", "0111", "1010", "1011", "1100", "1101", "1110", "1111"]
Set2:, ["0001", "0011", "0100", "0101", "0111", "1000", "1010", "1101", "1111"]
Set3:, ["0011", "0100", "1000"]
Set4:, ["0001", "0011", "1001"]
=======CASO NUEVO==========
Set1:, ["0101", "0110", "0111", "1010", "1011", "1100", "1101", "1110", "1111"]
Set2:, ["0001", "0011", "0100", "0101", "0111", "1000", "1010", "1101", "1111"]
Set3:, ["0011", "0100", "1000"]
Set4:, ["0011", "0100", "1001"]
=======CASO NUEVO==========
Set1:, ["0101", "0110", "0111", "1010", "1011", "1100", "1101", "1110", "1111"]
Set2:, ["0001", "0011", "0100", "0101", "0111", "1000", "1010", "1101", "1111"]
Set3:, ["0100"]
Set4:, ["1001"]
=======CASO NUEVO==========
Set1:, ["0101", "0110", "0111", "1010", "1011", "1100", "1101", "1110", "1111"]
Set2:, ["0001", "0011", "0100", "0101", "0111", "1000", "1010", "1101", "1111"]
Set3:, ["0100"]
Set4:, ["0011"]
=======CASO NUEVO==========
Set1:, ["0101", "0110", "0111", "1010", "1011", "1100", "1101", "1110", "1111"]
Set2:, ["0001", "0011", "0100", "0101", "0111", "1000", "1010", "1101", "1111"]
Set3:, ["0000", "1000", "1001"]
Set4:, ["0010", "0100", "1001"]
=======CASO NUEVO==========
Set1:, ["0101", "0110", "0111", "1010", "1011", "1100", "1101", "1110", "1111"]
Set2:, ["0001", "0011", "0100", "0101", "0111", "1000", "1010", "1101", "1111"]
Set3:, ["0000", "1000", "1001"]
Set4:, ["0010", "1000", "1001"]
=======CASO NUEVO==========
Set1:, ["0101", "0110", "0111", "1010", "1011", "1100", "1101", "1110", "1111"]
Set2:, ["0001", "0011", "0100", "0101", "0111", "1000", "1010", "1101", "1111"]
Set3:, ["0000", "1000", "1001"]
Set4:, ["0001", "0011", "1000"]
=======CASO NUEVO==========
Set1:, ["0101", "0110", "0111", "1010", "1011", "1100", "1101", "1110", "1111"]
Set2:, ["0001", "0011", "0100", "0101", "0111", "1000", "1010", "1101", "1111"]
Set3:, ["0000", "1000", "1001"]
Set4:, ["0001", "0010", "0011"]
=======CASO NUEVO==========
Set1:, ["0101", "0110", "0111", "1010", "1011", "1100", "1101", "1110", "1111"]
Set2:, ["0001", "0011", "0100", "0101", "0111", "1000", "1010", "1101", "1111"]
Set3:, ["0000", "1000", "1001"]
Set4:, ["0001", "1000", "1001"]
=======CASO NUEVO==========
Set1:, ["0101", "0110", "0111", "1010", "1011", "1100", "1101", "1110", "1111"]
Set2:, ["0001", "0011", "0100", "0101", "0111", "1000", "1010", "1101", "1111"]
Set3:, ["0000", "1000", "1001"]
Set4:, ["0001", "0100", "1001"]
=======CASO NUEVO==========
Set1:, ["0101", "0110", "0111", "1010", "1011", "1100", "1101", "1110", "1111"]
Set2:, ["0001", "0011", "0100", "0101", "0111", "1000", "1010", "1101", "1111"]
Set3:, ["0000", "1000", "1001"]
Set4:, ["0100", "1000", "1001"]
=======CASO NUEVO==========
Set1:, ["0101", "0110", "0111", "1010", "1011", "1100", "1101", "1110", "1111"]
Set2:, ["0001", "0011", "0100", "0101", "0111", "1000", "1010", "1101", "1111"]
Set3:, ["0000", "1000", "1001"]
Set4:, ["0001", "0010", "1001"]
=======CASO NUEVO==========
Set1:, ["0101", "0110", "0111", "1010", "1011", "1100", "1101", "1110", "1111"]
Set2:, ["0001", "0011", "0100", "0101", "0111", "1000", "1010", "1101", "1111"]
Set3:, ["0000", "1000", "1001"]
Set4:, ["0001", "0011", "1001"]
=======CASO NUEVO==========
Set1:, ["0101", "0110", "0111", "1010", "1011", "1100", "1101", "1110", "1111"]
Set2:, ["0001", "0011", "0100", "0101", "0111", "1000", "1010", "1101", "1111"]
Set3:, ["0000", "1000", "1001"]
Set4:, ["0011", "0100", "1001"]
=======CASO NUEVO==========
Set1:, ["0101", "0110", "0111", "1010", "1011", "1100", "1101", "1110", "1111"]
Set2:, ["0001", "0011", "0100", "0101", "0111", "1000", "1010", "1101", "1111"]
Set3:, ["0000", "1000", "1001"]
Set4:, ["0010", "0011", "0100"]
=======CASO NUEVO==========
Set1:, ["0101", "0110", "0111", "1010", "1011", "1100", "1101", "1110", "1111"]
Set2:, ["0001", "0011", "0100", "0101", "0111", "1000", "1010", "1101", "1111"]
Set3:, ["0000", "1000", "1001"]
Set4:, ["0000", "0011", "1001"]
=======CASO NUEVO==========
Set1:, ["0101", "0110", "0111", "1010", "1011", "1100", "1101", "1110", "1111"]
Set2:, ["0001", "0011", "0100", "0101", "0111", "1000", "1010", "1101", "1111"]
Set3:, ["0000", "1000", "1001"]
Set4:, ["0001", "0011", "0100"]
=======CASO NUEVO==========
Set1:, ["0101", "0110", "0111", "1010", "1011", "1100", "1101", "1110", "1111"]
Set2:, ["0001", "0011", "0100", "0101", "0111", "1000", "1010", "1101", "1111"]
Set3:, ["0000", "0010", "0100", "1001"]
Set4:, ["0010", "0100", "1000", "1001"]
=======CASO NUEVO==========
Set1:, ["0101", "0110", "0111", "1010", "1011", "1100", "1101", "1110", "1111"]
Set2:, ["0001", "0011", "0100", "0101", "0111", "1000", "1010", "1101", "1111"]
Set3:, ["0000", "0010", "0100", "1001"]
Set4:, ["0000", "0001", "0011", "1001"]
=======CASO NUEVO==========
Set1:, ["0101", "0110", "0111", "1010", "1011", "1100", "1101", "1110", "1111"]
Set2:, ["0001", "0011", "0100", "0101", "0111", "1000", "1010", "1101", "1111"]
Set3:, ["0000", "0010", "0100", "1001"]
Set4:, ["0001", "0010", "0011", "1000"]
=======CASO NUEVO==========
Set1:, ["0101", "0110", "0111", "1010", "1011", "1100", "1101", "1110", "1111"]
Set2:, ["0001", "0011", "0100", "0101", "0111", "1000", "1010", "1101", "1111"]
Set3:, ["0000", "0010", "0100", "1001"]
Set4:, ["0000", "0011", "0100", "1001"]
=======CASO NUEVO==========
Set1:, ["0101", "0110", "0111", "1010", "1011", "1100", "1101", "1110", "1111"]
Set2:, ["0001", "0011", "0100", "0101", "0111", "1000", "1010", "1101", "1111"]
Set3:, ["0000", "0010", "0100", "1001"]
Set4:, ["0010", "0011", "0100", "1001"]
=======CASO NUEVO==========
Set1:, ["0101", "0110", "0111", "1010", "1011", "1100", "1101", "1110", "1111"]
Set2:, ["0001", "0011", "0100", "0101", "0111", "1000", "1010", "1101", "1111"]
Set3:, ["0000", "0010", "0100", "1001"]
Set4:, ["0001", "0011", "0100", "1000"]
=======CASO NUEVO==========
Set1:, ["0101", "0110", "0111", "1010", "1011", "1100", "1101", "1110", "1111"]
Set2:, ["0001", "0011", "0100", "0101", "0111", "1000", "1010", "1101", "1111"]
Set3:, ["0000", "0010", "0100", "1001"]
Set4:, ["0000", "0011", "1000", "1001"]
=======CASO NUEVO==========
Set1:, ["0101", "0110", "0111", "1010", "1011", "1100", "1101", "1110", "1111"]
Set2:, ["0001", "0011", "0100", "0101", "0111", "1000", "1010", "1101", "1111"]
Set3:, ["0000", "0010", "0100", "1001"]
Set4:, ["0010", "0011", "0100", "1000"]
=======CASO NUEVO==========
Set1:, ["0101", "0110", "0111", "1010", "1011", "1100", "1101", "1110", "1111"]
Set2:, ["0001", "0011", "0100", "0101", "0111", "1000", "1010", "1101", "1111"]
Set3:, ["0000", "0010", "0100", "1001"]
Set4:, ["0011", "0100", "1000", "1001"]
=======CASO NUEVO==========
Set1:, ["0101", "0110", "0111", "1010", "1011", "1100", "1101", "1110", "1111"]
Set2:, ["0001", "0011", "0100", "0101", "0111", "1000", "1010", "1101", "1111"]
Set3:, ["0000", "0010", "0100", "1001"]
Set4:, ["0001", "0100", "1000", "1001"]
=======CASO NUEVO==========
Set1:, ["0101", "0110", "0111", "1010", "1011", "1100", "1101", "1110", "1111"]
Set2:, ["0001", "0011", "0100", "0101", "0111", "1000", "1010", "1101", "1111"]
Set3:, ["0000", "0010", "0100", "1001"]
Set4:, ["0010", "0011", "1000", "1001"]
=======CASO NUEVO==========
Set1:, ["0101", "0110", "0111", "1010", "1011", "1100", "1101", "1110", "1111"]
Set2:, ["0001", "0011", "0100", "0101", "0111", "1000", "1010", "1101", "1111"]
Set3:, ["0000", "0010", "0100", "1001"]
Set4:, ["0001", "0011", "1000", "1001"]
=======CASO NUEVO==========
Set1:, ["0101", "0110", "0111", "1010", "1011", "1100", "1101", "1110", "1111"]
Set2:, ["0001", "0011", "0100", "0101", "0111", "1000", "1010", "1101", "1111"]
Set3:, ["0000", "0010", "0100", "1001"]
Set4:, ["0001", "0010", "1000", "1001"]
=======CASO NUEVO==========
Set1:, ["0101", "0110", "0111", "1010", "1011", "1100", "1101", "1110", "1111"]
Set2:, ["0001", "0011", "0100", "0101", "0111", "1000", "1010", "1101", "1111"]
Set3:, ["0000", "0010", "0100", "1001"]
Set4:, ["0001", "0010", "0011", "0100"]
=======CASO NUEVO==========
Set1:, ["0101", "0110", "0111", "1010", "1011", "1100", "1101", "1110", "1111"]
Set2:, ["0001", "0011", "0100", "0101", "0111", "1000", "1010", "1101", "1111"]
Set3:, ["0000", "0010", "0100", "1001"]
Set4:, ["0001", "0011", "0100", "1001"]
=======CASO NUEVO==========
Set1:, ["0101", "0110", "0111", "1010", "1011", "1100", "1101", "1110", "1111"]
Set2:, ["0001", "0011", "0100", "0101", "0111", "1000", "1010", "1101", "1111"]
Set3:, ["0000", "0010", "0100", "1001"]
Set4:, ["0001", "0010", "0100", "1001"]
=======CASO NUEVO==========
Set1:, ["0101", "0110", "0111", "1010", "1011", "1100", "1101", "1110", "1111"]
Set2:, ["0001", "0011", "0100", "0101", "0111", "1000", "1010", "1101", "1111"]
Set3:, ["0000", "0010", "0100", "1001"]
Set4:, ["0000", "0010", "0011", "1001"]
=======CASO NUEVO==========
Set1:, ["0101", "0110", "0111", "1010", "1011", "1100", "1101", "1110", "1111"]
Set2:, ["0001", "0011", "0100", "0101", "0111", "1000", "1010", "1101", "1111"]
Set3:, ["0011", "1000"]
Set4:, ["0011", "1001"]
=======CASO NUEVO==========
Set1:, ["0101", "0110", "0111", "1010", "1011", "1100", "1101", "1110", "1111"]
Set2:, ["0001", "0011", "0100", "0101", "0111", "1000", "1010", "1101", "1111"]
Set3:, ["0000", "0010", "0011", "1000", "1001"]
Set4:, ["0001", "0010", "0011", "0100", "1001"]
=======CASO NUEVO==========
Set1:, ["0101", "0110", "0111", "1010", "1011", "1100", "1101", "1110", "1111"]
Set2:, ["0001", "0011", "0100", "0101", "0111", "1000", "1010", "1101", "1111"]
Set3:, ["0000", "0010", "0011", "1000", "1001"]
Set4:, ["0010", "0011", "0100", "1000", "1001"]
=======CASO NUEVO==========
Set1:, ["0101", "0110", "0111", "1010", "1011", "1100", "1101", "1110", "1111"]
Set2:, ["0001", "0011", "0100", "0101", "0111", "1000", "1010", "1101", "1111"]
Set3:, ["0000", "0010", "0011", "1000", "1001"]
Set4:, ["0001", "0011", "0100", "1000", "1001"]
=======CASO NUEVO==========
Set1:, ["0101", "0110", "0111", "1010", "1011", "1100", "1101", "1110", "1111"]
Set2:, ["0001", "0011", "0100", "0101", "0111", "1000", "1010", "1101", "1111"]
Set3:, ["0010", "0100", "1000", "1001"]
Set4:, ["0010", "0011", "0100", "1001"]
=======CASO NUEVO==========
Set1:, ["0101", "0110", "0111", "1010", "1011", "1100", "1101", "1110", "1111"]
Set2:, ["0001", "0011", "0100", "0101", "0111", "1000", "1010", "1101", "1111"]
Set3:, ["0010", "0100", "1000", "1001"]
Set4:, ["0011", "0100", "1000", "1001"]
=======CASO NUEVO==========
Set1:, ["0101", "0110", "0111", "1010", "1011", "1100", "1101", "1110", "1111"]
Set2:, ["0001", "0011", "0100", "0101", "0111", "1000", "1010", "1101", "1111"]
Set3:, ["0010", "0100", "1000", "1001"]
Set4:, ["0010", "0011", "1000", "1001"]
=======CASO NUEVO==========
Set1:, ["0101", "0110", "0111", "1010", "1011", "1100", "1101", "1110", "1111"]
Set2:, ["0001", "0011", "0100", "0101", "0111", "1000", "1010", "1101", "1111"]
Set3:, ["0010", "0100", "1000", "1001"]
Set4:, ["0001", "0011", "1000", "1001"]
=======CASO NUEVO==========
Set1:, ["0101", "0110", "0111", "1010", "1011", "1100", "1101", "1110", "1111"]
Set2:, ["0001", "0011", "0100", "0101", "0111", "1000", "1010", "1101", "1111"]
Set3:, ["0010", "0100", "1000", "1001"]
Set4:, ["0001", "0011", "0100", "1001"]
